# JRE version: OpenJDK Runtime Environment (8.0_40-b25) (build 1.8.0_40-b25)
# Java VM: OpenJDK Server VM (25.40-b25 mixed mode linux-x86 )
Heap:
 def new generation   total 157248K, used 51521K [0x86e00000, 0x918a0000, 0x918a0000)
  eden space 139776K,  36% used [0x86e00000, 0x8a050530, 0x8f680000)
  from space 17472K,   0% used [0x8f680000, 0x8f680000, 0x90790000)
  to   space 17472K,   0% used [0x90790000, 0x90790000, 0x918a0000)
 tenured generation   total 349568K, used 349534K [0x918a0000, 0xa6e00000, 0xa6e00000)
   the space 349568K,  99% used [0x918a0000, 0xa6df7a38, 0xa6df7c00, 0xa6e00000)
 Metaspace       used 6841K, capacity 7021K, committed 7064K, reserved 7472K
GC Heap History (10 events):
Event: 2.996 GC heap before
{Heap before GC invocations=6 (full 2):
 def new generation   total 40896K, used 36324K [0x86e00000, 0x89a60000, 0x918a0000)
  eden space 36352K,  99% used [0x86e00000, 0x89179040, 0x89180000)
  from space 4544K,   0% used [0x89180000, 0x89180000, 0x895f0000)
  to   space 4544K,   0% used [0x895f0000, 0x895f0000, 0x89a60000)
 tenured generation   total 90856K, used 54513K [0x918a0000, 0x9715a000, 0xa6e00000)
   the space 90856K,  59% used [0x918a0000, 0x94ddc5e0, 0x94ddc600, 0x9715a000)
 Metaspace       used 6626K, capacity 6797K, committed 6936K, reserved 7472K
Event: 3.076 GC heap after
Heap after GC invocations=7 (full 2):
 def new generation   total 40896K, used 4543K [0x86e00000, 0x89a60000, 0x918a0000)
  eden space 36352K,   0% used [0x86e00000, 0x86e00000, 0x89180000)
  from space 4544K,  99% used [0x895f0000, 0x89a5fff8, 0x89a60000)
  to   space 4544K,   0% used [0x89180000, 0x89180000, 0x895f0000)
 tenured generation   total 90856K, used 86225K [0x918a0000, 0x9715a000, 0xa6e00000)
   the space 90856K,  94% used [0x918a0000, 0x96cd4450, 0x96cd4600, 0x9715a000)
 Metaspace       used 6626K, capacity 6797K, committed 6936K, reserved 7472K
}
Event: 3.090 GC heap before
{Heap before GC invocations=7 (full 2):
 def new generation   total 40896K, used 40867K [0x86e00000, 0x89a60000, 0x918a0000)
  eden space 36352K,  99% used [0x86e00000, 0x89178e60, 0x89180000)
  from space 4544K,  99% used [0x895f0000, 0x89a5fff8, 0x89a60000)
  to   space 4544K,   0% used [0x89180000, 0x89180000, 0x895f0000)
 tenured generation   total 90856K, used 86225K [0x918a0000, 0x9715a000, 0xa6e00000)
   the space 90856K,  94% used [0x918a0000, 0x96cd4450, 0x96cd4600, 0x9715a000)
 Metaspace       used 6626K, capacity 6797K, committed 6936K, reserved 7472K
Event: 3.282 GC heap after
Heap after GC invocations=8 (full 3):
 def new generation   total 91904K, used 4416K [0x86e00000, 0x8d1b0000, 0x918a0000)
  eden space 81728K,   5% used [0x86e00000, 0x87250010, 0x8bdd0000)
  from space 10176K,   0% used [0x8bdd0000, 0x8bdd0000, 0x8c7c0000)
  to   space 10176K,   0% used [0x8c7c0000, 0x8c7c0000, 0x8d1b0000)
 tenured generation   total 204104K, used 122461K [0x918a0000, 0x9dff2000, 0xa6e00000)
   the space 204104K,  59% used [0x918a0000, 0x990375b8, 0x99037600, 0x9dff2000)
 Metaspace       used 6626K, capacity 6797K, committed 6936K, reserved 7472K
}
Event: 3.335 GC heap before
{Heap before GC invocations=8 (full 3):
 def new generation   total 91904K, used 81728K [0x86e00000, 0x8d1b0000, 0x918a0000)
  eden space 81728K, 100% used [0x86e00000, 0x8bdd0000, 0x8bdd0000)
  from space 10176K,   0% used [0x8bdd0000, 0x8bdd0000, 0x8c7c0000)
  to   space 10176K,   0% used [0x8c7c0000, 0x8c7c0000, 0x8d1b0000)
 tenured generation   total 204104K, used 122461K [0x918a0000, 0x9dff2000, 0xa6e00000)
   the space 204104K,  59% used [0x918a0000, 0x990375b8, 0x99037600, 0x9dff2000)
 Metaspace       used 6635K, capacity 6797K, committed 6936K, reserved 7472K
Event: 3.533 GC heap after
Heap after GC invocations=9 (full 3):
 def new generation   total 91904K, used 10167K [0x86e00000, 0x8d1b0000, 0x918a0000)
  eden space 81728K,   0% used [0x86e00000, 0x86e00000, 0x8bdd0000)
  from space 10176K,  99% used [0x8c7c0000, 0x8d1ade28, 0x8d1b0000)
  to   space 10176K,   0% used [0x8bdd0000, 0x8bdd0000, 0x8c7c0000)
 tenured generation   total 204104K, used 193153K [0x918a0000, 0x9dff2000, 0xa6e00000)
   the space 204104K,  94% used [0x918a0000, 0x9d540708, 0x9d540800, 0x9dff2000)
 Metaspace       used 6635K, capacity 6797K, committed 6936K, reserved 7472K
}
Event: 3.576 GC heap before
{Heap before GC invocations=9 (full 3):
 def new generation   total 91904K, used 91895K [0x86e00000, 0x8d1b0000, 0x918a0000)
  eden space 81728K, 100% used [0x86e00000, 0x8bdd0000, 0x8bdd0000)
  from space 10176K,  99% used [0x8c7c0000, 0x8d1ade28, 0x8d1b0000)
  to   space 10176K,   0% used [0x8bdd0000, 0x8bdd0000, 0x8c7c0000)
 tenured generation   total 204104K, used 193153K [0x918a0000, 0x9dff2000, 0xa6e00000)
   the space 204104K,  94% used [0x918a0000, 0x9d540708, 0x9d540800, 0x9dff2000)
 Metaspace       used 6644K, capacity 6829K, committed 6936K, reserved 7472K
Event: 4.187 GC heap after
Heap after GC invocations=10 (full 4):
 def new generation   total 157248K, used 9574K [0x86e00000, 0x918a0000, 0x918a0000)
  eden space 139776K,   6% used [0x86e00000, 0x87759a28, 0x8f680000)
  from space 17472K,   0% used [0x8f680000, 0x8f680000, 0x90790000)
  to   space 17472K,   0% used [0x90790000, 0x90790000, 0x918a0000)
 tenured generation   total 349568K, used 274108K [0x918a0000, 0xa6e00000, 0xa6e00000)
   the space 349568K,  78% used [0x918a0000, 0xa244f060, 0xa244f200, 0xa6e00000)
 Metaspace       used 6644K, capacity 6829K, committed 6936K, reserved 7472K
}
Event: 5.454 GC heap before
{Heap before GC invocations=10 (full 4):
 def new generation   total 157248K, used 139776K [0x86e00000, 0x918a0000, 0x918a0000)
  eden space 139776K, 100% used [0x86e00000, 0x8f680000, 0x8f680000)
  from space 17472K,   0% used [0x8f680000, 0x8f680000, 0x90790000)
  to   space 17472K,   0% used [0x90790000, 0x90790000, 0x918a0000)
 tenured generation   total 349568K, used 274108K [0x918a0000, 0xa6e00000, 0xa6e00000)
   the space 349568K,  78% used [0x918a0000, 0xa244f060, 0xa244f200, 0xa6e00000)
 Metaspace       used 6833K, capacity 6989K, committed 7064K, reserved 7472K
Event: 7.193 GC heap after
Heap after GC invocations=11 (full 5):
 def new generation   total 157248K, used 43122K [0x86e00000, 0x918a0000, 0x918a0000)
  eden space 139776K,  30% used [0x86e00000, 0x8981cba8, 0x8f680000)
  from space 17472K,   0% used [0x8f680000, 0x8f680000, 0x90790000)
  to   space 17472K,   0% used [0x90790000, 0x90790000, 0x918a0000)
 tenured generation   total 349568K, used 349534K [0x918a0000, 0xa6e00000, 0xa6e00000)
   the space 349568K,  99% used [0x918a0000, 0xa6df7a38, 0xa6df7c00, 0xa6e00000)
 Metaspace       used 6833K, capacity 6989K, committed 7064K, reserved 7472K
}

