# JRE version: OpenJDK Runtime Environment (8.0_40-b25) (build 1.8.0_40-b25)
# Java VM: OpenJDK Server VM (25.40-b25 mixed mode linux-x86 )
Heap:
 def new generation   total 126656K, used 42067K [0x86e00000, 0x8f760000, 0x918a0000)
  eden space 112640K,  37% used [0x86e00000, 0x89714d90, 0x8dc00000)
  from space 14016K,   0% used [0x8dc00000, 0x8dc00000, 0x8e9b0000)
  to   space 14016K,   0% used [0x8e9b0000, 0x8e9b0000, 0x8f760000)
 tenured generation   total 349568K, used 349529K [0x918a0000, 0xa6e00000, 0xa6e00000)
   the space 349568K,  99% used [0x918a0000, 0xa6df6710, 0xa6df6800, 0xa6e00000)
 Metaspace       used 6698K, capacity 6861K, committed 6936K, reserved 7472K
GC Heap History (10 events):
Event: 3.019 GC heap after
Heap after GC invocations=6 (full 1):
 def new generation   total 18432K, used 1961K [0x86e00000, 0x881f0000, 0x918a0000)
  eden space 16448K,   0% used [0x86e00000, 0x86e00000, 0x87e10000)
  from space 1984K,  98% used [0x87e10000, 0x87ffa780, 0x88000000)
  to   space 1984K,   0% used [0x88000000, 0x88000000, 0x881f0000)
 tenured generation   total 59120K, used 59117K [0x918a0000, 0x9525c000, 0xa6e00000)
   the space 59120K,  99% used [0x918a0000, 0x9525b4a8, 0x9525b600, 0x9525c000)
 Metaspace       used 6642K, capacity 6797K, committed 6936K, reserved 7472K
}
Event: 3.057 GC heap before
{Heap before GC invocations=6 (full 1):
 def new generation   total 18432K, used 18409K [0x86e00000, 0x881f0000, 0x918a0000)
  eden space 16448K, 100% used [0x86e00000, 0x87e10000, 0x87e10000)
  from space 1984K,  98% used [0x87e10000, 0x87ffa780, 0x88000000)
  to   space 1984K,   0% used [0x88000000, 0x88000000, 0x881f0000)
 tenured generation   total 59120K, used 59117K [0x918a0000, 0x9525c000, 0xa6e00000)
   the space 59120K,  99% used [0x918a0000, 0x9525b4a8, 0x9525b600, 0x9525c000)
 Metaspace       used 6651K, capacity 6829K, committed 6936K, reserved 7472K
Event: 3.223 GC heap after
Heap after GC invocations=7 (full 2):
 def new generation   total 56448K, used 1961K [0x86e00000, 0x8ab40000, 0x918a0000)
  eden space 50176K,   3% used [0x86e00000, 0x86fea788, 0x89f00000)
  from space 6272K,   0% used [0x89f00000, 0x89f00000, 0x8a520000)
  to   space 6272K,   0% used [0x8a520000, 0x8a520000, 0x8ab40000)
 tenured generation   total 125364K, used 75218K [0x918a0000, 0x9930d000, 0xa6e00000)
   the space 125364K,  59% used [0x918a0000, 0x96214970, 0x96214a00, 0x9930d000)
 Metaspace       used 6651K, capacity 6829K, committed 6936K, reserved 7472K
}
Event: 3.283 GC heap before
{Heap before GC invocations=7 (full 2):
 def new generation   total 56448K, used 50159K [0x86e00000, 0x8ab40000, 0x918a0000)
  eden space 50176K,  99% used [0x86e00000, 0x89efbc68, 0x89f00000)
  from space 6272K,   0% used [0x89f00000, 0x89f00000, 0x8a520000)
  to   space 6272K,   0% used [0x8a520000, 0x8a520000, 0x8ab40000)
 tenured generation   total 125364K, used 75218K [0x918a0000, 0x9930d000, 0xa6e00000)
   the space 125364K,  59% used [0x918a0000, 0x96214970, 0x96214a00, 0x9930d000)
 Metaspace       used 6660K, capacity 6829K, committed 6936K, reserved 7472K
Event: 3.347 GC heap after
Heap after GC invocations=8 (full 2):
 def new generation   total 56448K, used 6271K [0x86e00000, 0x8ab40000, 0x918a0000)
  eden space 50176K,   0% used [0x86e00000, 0x86e00000, 0x89f00000)
  from space 6272K,  99% used [0x8a520000, 0x8ab3fff8, 0x8ab40000)
  to   space 6272K,   0% used [0x89f00000, 0x89f00000, 0x8a520000)
 tenured generation   total 125364K, used 118640K [0x918a0000, 0x9930d000, 0xa6e00000)
   the space 125364K,  94% used [0x918a0000, 0x98c7c378, 0x98c7c400, 0x9930d000)
 Metaspace       used 6660K, capacity 6829K, committed 6936K, reserved 7472K
}
Event: 3.398 GC heap before
{Heap before GC invocations=8 (full 2):
 def new generation   total 56448K, used 56434K [0x86e00000, 0x8ab40000, 0x918a0000)
  eden space 50176K,  99% used [0x86e00000, 0x89efc9b8, 0x89f00000)
  from space 6272K,  99% used [0x8a520000, 0x8ab3fff8, 0x8ab40000)
  to   space 6272K,   0% used [0x89f00000, 0x89f00000, 0x8a520000)
 tenured generation   total 125364K, used 118640K [0x918a0000, 0x9930d000, 0xa6e00000)
   the space 125364K,  94% used [0x918a0000, 0x98c7c378, 0x98c7c400, 0x9930d000)
 Metaspace       used 6661K, capacity 6829K, committed 6936K, reserved 7472K
Event: 3.691 GC heap after
Heap after GC invocations=9 (full 3):
 def new generation   total 126656K, used 6142K [0x86e00000, 0x8f760000, 0x918a0000)
  eden space 112640K,   5% used [0x86e00000, 0x873ffac8, 0x8dc00000)
  from space 14016K,   0% used [0x8dc00000, 0x8dc00000, 0x8e9b0000)
  to   space 14016K,   0% used [0x8e9b0000, 0x8e9b0000, 0x8f760000)
 tenured generation   total 281248K, used 168747K [0x918a0000, 0xa2b48000, 0xa6e00000)
   the space 281248K,  59% used [0x918a0000, 0x9bd6ae98, 0x9bd6b000, 0xa2b48000)
 Metaspace       used 6661K, capacity 6829K, committed 6936K, reserved 7472K
}
Event: 3.781 GC heap before
{Heap before GC invocations=9 (full 3):
 def new generation   total 126656K, used 112640K [0x86e00000, 0x8f760000, 0x918a0000)
  eden space 112640K, 100% used [0x86e00000, 0x8dc00000, 0x8dc00000)
  from space 14016K,   0% used [0x8dc00000, 0x8dc00000, 0x8e9b0000)
  to   space 14016K,   0% used [0x8e9b0000, 0x8e9b0000, 0x8f760000)
 tenured generation   total 281248K, used 168747K [0x918a0000, 0xa2b48000, 0xa6e00000)
   the space 281248K,  59% used [0x918a0000, 0x9bd6ae98, 0x9bd6b000, 0xa2b48000)
 Metaspace       used 6681K, capacity 6861K, committed 6936K, reserved 7472K
Event: 3.945 GC heap after
Heap after GC invocations=10 (full 3):
 def new generation   total 126656K, used 14016K [0x86e00000, 0x8f760000, 0x918a0000)
  eden space 112640K,   0% used [0x86e00000, 0x86e00000, 0x8dc00000)
  from space 14016K, 100% used [0x8e9b0000, 0x8f760000, 0x8f760000)
  to   space 14016K,   0% used [0x8dc00000, 0x8dc00000, 0x8e9b0000)
 tenured generation   total 281248K, used 267039K [0x918a0000, 0xa2b48000, 0xa6e00000)
   the space 281248K,  94% used [0x918a0000, 0xa1d67c80, 0xa1d67e00, 0xa2b48000)
 Metaspace       used 6681K, capacity 6861K, committed 6936K, reserved 7472K
}
Event: 4.005 GC heap before
{Heap before GC invocations=10 (full 3):
 def new generation   total 126656K, used 126656K [0x86e00000, 0x8f760000, 0x918a0000)
  eden space 112640K, 100% used [0x86e00000, 0x8dc00000, 0x8dc00000)
  from space 14016K, 100% used [0x8e9b0000, 0x8f760000, 0x8f760000)
  to   space 14016K,   0% used [0x8dc00000, 0x8dc00000, 0x8e9b0000)
 tenured generation   total 281248K, used 267039K [0x918a0000, 0xa2b48000, 0xa6e00000)
   the space 281248K,  94% used [0x918a0000, 0xa1d67c80, 0xa1d67e00, 0xa2b48000)
 Metaspace       used 6698K, capacity 6861K, committed 6936K, reserved 7472K

