# JRE version: OpenJDK Runtime Environment (8.0_40-b25) (build 1.8.0_40-b25)
# Java VM: OpenJDK Server VM (25.40-b25 mixed mode linux-x86 )
Heap:
 def new generation   total 157248K, used 67249K [0x86e00000, 0x918a0000, 0x918a0000)
  eden space 139776K,  48% used [0x86e00000, 0x8afac6a0, 0x8f680000)
  from space 17472K,   0% used [0x8f680000, 0x8f680000, 0x90790000)
  to   space 17472K,   0% used [0x90790000, 0x90790000, 0x918a0000)
 tenured generation   total 349568K, used 349529K [0x918a0000, 0xa6e00000, 0xa6e00000)
   the space 349568K,  99% used [0x918a0000, 0xa6df6770, 0xa6df6800, 0xa6e00000)
 Metaspace       used 6865K, capacity 7021K, committed 7064K, reserved 7472K
GC Heap History (10 events):
Event: 5.427 GC heap before
{Heap before GC invocations=6 (full 2):
 def new generation   total 41280K, used 36736K [0x86e00000, 0x89ac0000, 0x918a0000)
  eden space 36736K, 100% used [0x86e00000, 0x891e0000, 0x891e0000)
  from space 4544K,   0% used [0x891e0000, 0x891e0000, 0x89650000)
  to   space 4544K,   0% used [0x89650000, 0x89650000, 0x89ac0000)
 tenured generation   total 91568K, used 54938K [0x918a0000, 0x9720c000, 0xa6e00000)
   the space 91568K,  59% used [0x918a0000, 0x94e46b00, 0x94e46c00, 0x9720c000)
 Metaspace       used 6639K, capacity 6797K, committed 6936K, reserved 7472K
Event: 5.535 GC heap after
Heap after GC invocations=7 (full 2):
 def new generation   total 41280K, used 4544K [0x86e00000, 0x89ac0000, 0x918a0000)
  eden space 36736K,   0% used [0x86e00000, 0x86e00000, 0x891e0000)
  from space 4544K, 100% used [0x89650000, 0x89ac0000, 0x89ac0000)
  to   space 4544K,   0% used [0x891e0000, 0x891e0000, 0x89650000)
 tenured generation   total 91568K, used 85914K [0x918a0000, 0x9720c000, 0xa6e00000)
   the space 91568K,  93% used [0x918a0000, 0x96c86920, 0x96c86a00, 0x9720c000)
 Metaspace       used 6639K, capacity 6797K, committed 6936K, reserved 7472K
}
Event: 5.549 GC heap before
{Heap before GC invocations=7 (full 2):
 def new generation   total 41280K, used 41271K [0x86e00000, 0x89ac0000, 0x918a0000)
  eden space 36736K,  99% used [0x86e00000, 0x891ddfa0, 0x891e0000)
  from space 4544K, 100% used [0x89650000, 0x89ac0000, 0x89ac0000)
  to   space 4544K,   0% used [0x891e0000, 0x891e0000, 0x89650000)
 tenured generation   total 91568K, used 85914K [0x918a0000, 0x9720c000, 0xa6e00000)
   the space 91568K,  93% used [0x918a0000, 0x96c86920, 0x96c86a00, 0x9720c000)
 Metaspace       used 6639K, capacity 6797K, committed 6936K, reserved 7472K
Event: 6.039 GC heap after
Heap after GC invocations=8 (full 3):
 def new generation   total 92096K, used 4493K [0x86e00000, 0x8d1e0000, 0x918a0000)
  eden space 81920K,   5% used [0x86e00000, 0x872637f0, 0x8be00000)
  from space 10176K,   0% used [0x8be00000, 0x8be00000, 0x8c7f0000)
  to   space 10176K,   0% used [0x8c7f0000, 0x8c7f0000, 0x8d1e0000)
 tenured generation   total 204432K, used 122658K [0x918a0000, 0x9e044000, 0xa6e00000)
   the space 204432K,  59% used [0x918a0000, 0x99068aa0, 0x99068c00, 0x9e044000)
 Metaspace       used 6639K, capacity 6797K, committed 6936K, reserved 7472K
}
Event: 6.149 GC heap before
{Heap before GC invocations=8 (full 3):
 def new generation   total 92096K, used 81920K [0x86e00000, 0x8d1e0000, 0x918a0000)
  eden space 81920K, 100% used [0x86e00000, 0x8be00000, 0x8be00000)
  from space 10176K,   0% used [0x8be00000, 0x8be00000, 0x8c7f0000)
  to   space 10176K,   0% used [0x8c7f0000, 0x8c7f0000, 0x8d1e0000)
 tenured generation   total 204432K, used 122658K [0x918a0000, 0x9e044000, 0xa6e00000)
   the space 204432K,  59% used [0x918a0000, 0x99068aa0, 0x99068c00, 0x9e044000)
 Metaspace       used 6647K, capacity 6829K, committed 6936K, reserved 7472K
Event: 6.533 GC heap after
Heap after GC invocations=9 (full 3):
 def new generation   total 92096K, used 10175K [0x86e00000, 0x8d1e0000, 0x918a0000)
  eden space 81920K,   0% used [0x86e00000, 0x86e00000, 0x8be00000)
  from space 10176K,  99% used [0x8c7f0000, 0x8d1dfff8, 0x8d1e0000)
  to   space 10176K,   0% used [0x8be00000, 0x8be00000, 0x8c7f0000)
 tenured generation   total 204432K, used 193745K [0x918a0000, 0x9e044000, 0xa6e00000)
   the space 204432K,  94% used [0x918a0000, 0x9d5d45c0, 0x9d5d4600, 0x9e044000)
 Metaspace       used 6647K, capacity 6829K, committed 6936K, reserved 7472K
}
Event: 6.602 GC heap before
{Heap before GC invocations=9 (full 3):
 def new generation   total 92096K, used 92095K [0x86e00000, 0x8d1e0000, 0x918a0000)
  eden space 81920K, 100% used [0x86e00000, 0x8be00000, 0x8be00000)
  from space 10176K,  99% used [0x8c7f0000, 0x8d1dfff8, 0x8d1e0000)
  to   space 10176K,   0% used [0x8be00000, 0x8be00000, 0x8c7f0000)
 tenured generation   total 204432K, used 193745K [0x918a0000, 0x9e044000, 0xa6e00000)
   the space 204432K,  94% used [0x918a0000, 0x9d5d45c0, 0x9d5d4600, 0x9e044000)
 Metaspace       used 6652K, capacity 6829K, committed 6936K, reserved 7472K
Event: 7.349 GC heap after
Heap after GC invocations=10 (full 4):
 def new generation   total 157248K, used 9583K [0x86e00000, 0x918a0000, 0x918a0000)
  eden space 139776K,   6% used [0x86e00000, 0x8775bc50, 0x8f680000)
  from space 17472K,   0% used [0x8f680000, 0x8f680000, 0x90790000)
  to   space 17472K,   0% used [0x90790000, 0x90790000, 0x918a0000)
 tenured generation   total 349568K, used 275437K [0x918a0000, 0xa6e00000, 0xa6e00000)
   the space 349568K,  78% used [0x918a0000, 0xa259b420, 0xa259b600, 0xa6e00000)
 Metaspace       used 6652K, capacity 6829K, committed 6936K, reserved 7472K
}
Event: 8.407 GC heap before
{Heap before GC invocations=10 (full 4):
 def new generation   total 157248K, used 139776K [0x86e00000, 0x918a0000, 0x918a0000)
  eden space 139776K, 100% used [0x86e00000, 0x8f680000, 0x8f680000)
  from space 17472K,   0% used [0x8f680000, 0x8f680000, 0x90790000)
  to   space 17472K,   0% used [0x90790000, 0x90790000, 0x918a0000)
 tenured generation   total 349568K, used 275437K [0x918a0000, 0xa6e00000, 0xa6e00000)
   the space 349568K,  78% used [0x918a0000, 0xa259b420, 0xa259b600, 0xa6e00000)
 Metaspace       used 6846K, capacity 7021K, committed 7064K, reserved 7472K
Event: 9.349 GC heap after
Heap after GC invocations=11 (full 5):
 def new generation   total 157248K, used 43127K [0x86e00000, 0x918a0000, 0x918a0000)
  eden space 139776K,  30% used [0x86e00000, 0x8981dfe0, 0x8f680000)
  from space 17472K,   0% used [0x8f680000, 0x8f680000, 0x90790000)
  to   space 17472K,   0% used [0x90790000, 0x90790000, 0x918a0000)
 tenured generation   total 349568K, used 349529K [0x918a0000, 0xa6e00000, 0xa6e00000)
   the space 349568K,  99% used [0x918a0000, 0xa6df6770, 0xa6df6800, 0xa6e00000)
 Metaspace       used 6846K, capacity 7021K, committed 7064K, reserved 7472K
}

