# JRE version: OpenJDK Runtime Environment (8.0_40-b25) (build 1.8.0_40-b25)
# Java VM: OpenJDK Server VM (25.40-b25 mixed mode linux-x86 )
Heap:
 def new generation   total 91968K, used 27990K [0x86e00000, 0x8d1c0000, 0x918a0000)
  eden space 81792K,  34% used [0x86e00000, 0x88955840, 0x8bde0000)
  from space 10176K,   0% used [0x8c7d0000, 0x8c7d0000, 0x8d1c0000)
  to   space 10176K,   0% used [0x8bde0000, 0x8bde0000, 0x8c7d0000)
 tenured generation   total 349568K, used 349565K [0x918a0000, 0xa6e00000, 0xa6e00000)
   the space 349568K,  99% used [0x918a0000, 0xa6dff698, 0xa6dff800, 0xa6e00000)
 Metaspace       used 6695K, capacity 6861K, committed 6936K, reserved 7472K
GC Heap History (10 events):
Event: 3.130 GC heap after
Heap after GC invocations=6 (full 2):
 def new generation   total 41024K, used 1891K [0x86e00000, 0x89a80000, 0x918a0000)
  eden space 36480K,   5% used [0x86e00000, 0x86fd8fc0, 0x891a0000)
  from space 4544K,   0% used [0x891a0000, 0x891a0000, 0x89610000)
  to   space 4544K,   0% used [0x89610000, 0x89610000, 0x89a80000)
 tenured generation   total 91044K, used 54625K [0x918a0000, 0x97189000, 0xa6e00000)
   the space 91044K,  59% used [0x918a0000, 0x94df87a0, 0x94df8800, 0x97189000)
 Metaspace       used 6641K, capacity 6797K, committed 6936K, reserved 7472K
}
Event: 3.169 GC heap before
{Heap before GC invocations=6 (full 2):
 def new generation   total 41024K, used 36480K [0x86e00000, 0x89a80000, 0x918a0000)
  eden space 36480K, 100% used [0x86e00000, 0x891a0000, 0x891a0000)
  from space 4544K,   0% used [0x891a0000, 0x891a0000, 0x89610000)
  to   space 4544K,   0% used [0x89610000, 0x89610000, 0x89a80000)
 tenured generation   total 91044K, used 54625K [0x918a0000, 0x97189000, 0xa6e00000)
   the space 91044K,  59% used [0x918a0000, 0x94df87a0, 0x94df8800, 0x97189000)
 Metaspace       used 6642K, capacity 6797K, committed 6936K, reserved 7472K
Event: 3.231 GC heap after
Heap after GC invocations=7 (full 2):
 def new generation   total 41024K, used 4543K [0x86e00000, 0x89a80000, 0x918a0000)
  eden space 36480K,   0% used [0x86e00000, 0x86e00000, 0x891a0000)
  from space 4544K,  99% used [0x89610000, 0x89a7fff0, 0x89a80000)
  to   space 4544K,   0% used [0x891a0000, 0x891a0000, 0x89610000)
 tenured generation   total 91044K, used 86458K [0x918a0000, 0x97189000, 0xa6e00000)
   the space 91044K,  94% used [0x918a0000, 0x96d0e8d8, 0x96d0ea00, 0x97189000)
 Metaspace       used 6642K, capacity 6797K, committed 6936K, reserved 7472K
}
Event: 3.250 GC heap before
{Heap before GC invocations=7 (full 2):
 def new generation   total 41024K, used 40988K [0x86e00000, 0x89a80000, 0x918a0000)
  eden space 36480K,  99% used [0x86e00000, 0x891971e8, 0x891a0000)
  from space 4544K,  99% used [0x89610000, 0x89a7fff0, 0x89a80000)
  to   space 4544K,   0% used [0x891a0000, 0x891a0000, 0x89610000)
 tenured generation   total 91044K, used 86458K [0x918a0000, 0x97189000, 0xa6e00000)
   the space 91044K,  94% used [0x918a0000, 0x96d0e8d8, 0x96d0ea00, 0x97189000)
 Metaspace       used 6652K, capacity 6829K, committed 6936K, reserved 7472K
Event: 3.377 GC heap after
Heap after GC invocations=8 (full 3):
 def new generation   total 91968K, used 4464K [0x86e00000, 0x8d1c0000, 0x918a0000)
  eden space 81792K,   5% used [0x86e00000, 0x8725c170, 0x8bde0000)
  from space 10176K,   0% used [0x8bde0000, 0x8bde0000, 0x8c7d0000)
  to   space 10176K,   0% used [0x8c7d0000, 0x8c7d0000, 0x8d1c0000)
 tenured generation   total 204180K, used 122506K [0x918a0000, 0x9e005000, 0xa6e00000)
   the space 204180K,  59% used [0x918a0000, 0x99042860, 0x99042a00, 0x9e005000)
 Metaspace       used 6652K, capacity 6829K, committed 6936K, reserved 7472K
}
Event: 3.431 GC heap before
{Heap before GC invocations=8 (full 3):
 def new generation   total 91968K, used 81792K [0x86e00000, 0x8d1c0000, 0x918a0000)
  eden space 81792K, 100% used [0x86e00000, 0x8bde0000, 0x8bde0000)
  from space 10176K,   0% used [0x8bde0000, 0x8bde0000, 0x8c7d0000)
  to   space 10176K,   0% used [0x8c7d0000, 0x8c7d0000, 0x8d1c0000)
 tenured generation   total 204180K, used 122506K [0x918a0000, 0x9e005000, 0xa6e00000)
   the space 204180K,  59% used [0x918a0000, 0x99042860, 0x99042a00, 0x9e005000)
 Metaspace       used 6658K, capacity 6829K, committed 6936K, reserved 7472K
Event: 3.518 GC heap after
Heap after GC invocations=9 (full 3):
 def new generation   total 91968K, used 10175K [0x86e00000, 0x8d1c0000, 0x918a0000)
  eden space 81792K,   0% used [0x86e00000, 0x86e00000, 0x8bde0000)
  from space 10176K,  99% used [0x8c7d0000, 0x8d1bfff8, 0x8d1c0000)
  to   space 10176K,   0% used [0x8bde0000, 0x8bde0000, 0x8c7d0000)
 tenured generation   total 204180K, used 192769K [0x918a0000, 0x9e005000, 0xa6e00000)
   the space 204180K,  94% used [0x918a0000, 0x9d4e04e8, 0x9d4e0600, 0x9e005000)
 Metaspace       used 6658K, capacity 6829K, committed 6936K, reserved 7472K
}
Event: 3.567 GC heap before
{Heap before GC invocations=9 (full 3):
 def new generation   total 91968K, used 91955K [0x86e00000, 0x8d1c0000, 0x918a0000)
  eden space 81792K,  99% used [0x86e00000, 0x8bddcd98, 0x8bde0000)
  from space 10176K,  99% used [0x8c7d0000, 0x8d1bfff8, 0x8d1c0000)
  to   space 10176K,   0% used [0x8bde0000, 0x8bde0000, 0x8c7d0000)
 tenured generation   total 206228K, used 206173K [0x918a0000, 0x9e205000, 0xa6e00000)
   the space 206228K,  99% used [0x918a0000, 0x9e1f7418, 0x9e1f7600, 0x9e205000)
 Metaspace       used 6675K, capacity 6861K, committed 6936K, reserved 7472K
Event: 3.652 GC heap after
Heap after GC invocations=10 (full 3):
 def new generation   total 91968K, used 10173K [0x86e00000, 0x8d1c0000, 0x918a0000)
  eden space 81792K,   0% used [0x86e00000, 0x86e00000, 0x8bde0000)
  from space 10176K,  99% used [0x8bde0000, 0x8c7cf4d8, 0x8c7d0000)
  to   space 10176K,   0% used [0x8c7d0000, 0x8c7d0000, 0x8d1c0000)
 tenured generation   total 287764K, used 287739K [0x918a0000, 0xa31a5000, 0xa6e00000)
   the space 287764K,  99% used [0x918a0000, 0xa319ee68, 0xa319f000, 0xa31a5000)
 Metaspace       used 6675K, capacity 6861K, committed 6936K, reserved 7472K
}
Event: 3.707 GC heap before
{Heap before GC invocations=10 (full 3):
 def new generation   total 91968K, used 91965K [0x86e00000, 0x8d1c0000, 0x918a0000)
  eden space 81792K, 100% used [0x86e00000, 0x8bde0000, 0x8bde0000)
  from space 10176K,  99% used [0x8bde0000, 0x8c7cf4d8, 0x8c7d0000)
  to   space 10176K,   0% used [0x8c7d0000, 0x8c7d0000, 0x8d1c0000)
 tenured generation   total 287764K, used 287739K [0x918a0000, 0xa31a5000, 0xa6e00000)
   the space 287764K,  99% used [0x918a0000, 0xa319ee68, 0xa319f000, 0xa31a5000)
 Metaspace       used 6695K, capacity 6861K, committed 6936K, reserved 7472K

